#-----------------------------------------------------------
# Webtalk v2018.2 (64-bit)
# SW Build 2258646 on Thu Jun 14 20:03:12 MDT 2018
# 
# Start of session at: Thu Oct 24 19:39:33 2019
# Process ID: 24716
# Current directory: H:/FPGA/ZYNQ_PSPL/vdma_lvds_lcd/vdma_lvds_lcd.sdk/webtalk
# Command line: wbtcv.exe -mode batch -source sdk_webtalk.tcl
# Log file: H:/FPGA/ZYNQ_PSPL/vdma_lvds_lcd/vdma_lvds_lcd.sdk/webtalk/webtalk.log
# Journal file: H:/FPGA/ZYNQ_PSPL/vdma_lvds_lcd/vdma_lvds_lcd.sdk/webtalk\webtalk.jou
#-----------------------------------------------------------
source sdk_webtalk.tcl
# webtalk_init -webtalk_dir H:\\FPGA\\ZYNQ_PSPL\\vdma_lvds_lcd\\vdma_lvds_lcd.sdk\\webtalk
# webtalk_register_client -client project
# webtalk_add_data -client project -key date_generated -value "2019-10-24 19:39:30" -context "software_version_and_target_device"
# webtalk_add_data -client project -key product_version -value "SDK v2018.2" -context "software_version_and_target_device"
# webtalk_add_data -client project -key build_version -value "2018.2" -context "software_version_and_target_device"
# webtalk_add_data -client project -key os_platform -value "amd64" -context "software_version_and_target_device"
# webtalk_add_data -client project -key registration_id -value "" -context "software_version_and_target_device"
# webtalk_add_data -client project -key tool_flow -value "SDK" -context "software_version_and_target_device"
# webtalk_add_data -client project -key beta -value "false" -context "software_version_and_target_device"
# webtalk_add_data -client project -key route_design -value "NA" -context "software_version_and_target_device"
# webtalk_add_data -client project -key target_family -value "NA" -context "software_version_and_target_device"
# webtalk_add_data -client project -key target_device -value "NA" -context "software_version_and_target_device"
# webtalk_add_data -client project -key target_package -value "NA" -context "software_version_and_target_device"
# webtalk_add_data -client project -key target_speed -value "NA" -context "software_version_and_target_device"
# webtalk_add_data -client project -key random_id -value "fqap3qcsvhodult4e19arcn2ak" -context "software_version_and_target_device"
# webtalk_add_data -client project -key project_id -value "2018.2_1" -context "software_version_and_target_device"
# webtalk_add_data -client project -key project_iteration -value "1" -context "software_version_and_target_device"
# webtalk_add_data -client project -key os_name -value "Microsoft Windows 8 or later , 64-bit" -context "user_environment"
# webtalk_add_data -client project -key os_release -value "major release  (build 9200)" -context "user_environment"
# webtalk_add_data -client project -key cpu_name -value "Intel(R) Core(TM) i7-8700 CPU @ 3.20GHz" -context "user_environment"
# webtalk_add_data -client project -key cpu_speed -value "3192 MHz" -context "user_environment"
# webtalk_add_data -client project -key total_processors -value "1" -context "user_environment"
# webtalk_add_data -client project -key system_ram -value "17.048 GB" -context "user_environment"
# webtalk_register_client -client sdk
# webtalk_add_data -client sdk -key uid -value "1571821317973" -context "sdk\\\\hardware/1571821317973"
# webtalk_add_data -client sdk -key isZynq -value "true" -context "sdk\\\\hardware/1571821317973"
# webtalk_add_data -client sdk -key isZynqMP -value "false" -context "sdk\\\\hardware/1571821317973"
# webtalk_add_data -client sdk -key Processors -value "2" -context "sdk\\\\hardware/1571821317973"
# webtalk_add_data -client sdk -key VivadoVersion -value "2018.2" -context "sdk\\\\hardware/1571821317973"
# webtalk_add_data -client sdk -key Arch -value "zynq" -context "sdk\\\\hardware/1571821317973"
# webtalk_add_data -client sdk -key Device -value "7z010" -context "sdk\\\\hardware/1571821317973"
# webtalk_add_data -client sdk -key IsHandoff -value "true" -context "sdk\\\\hardware/1571821317973"
# webtalk_add_data -client sdk -key os -value "NA" -context "sdk\\\\hardware/1571821317973"
# webtalk_add_data -client sdk -key apptemplate -value "NA" -context "sdk\\\\hardware/1571821317973"
# webtalk_add_data -client sdk -key RecordType -value "HWCreation" -context "sdk\\\\hardware/1571821317973"
# webtalk_add_data -client sdk -key uid -value "1571821406325" -context "sdk\\\\bsp/1571821406325"
# webtalk_add_data -client sdk -key hwid -value "1571821317973" -context "sdk\\\\bsp/1571821406325"
# webtalk_add_data -client sdk -key os -value "standalone" -context "sdk\\\\bsp/1571821406325"
# webtalk_add_data -client sdk -key apptemplate -value "hello_world" -context "sdk\\\\bsp/1571821406325"
# webtalk_add_data -client sdk -key RecordType -value "BSPCreation" -context "sdk\\\\bsp/1571821406325"
# webtalk_add_data -client sdk -key uid -value "1571821413541" -context "sdk\\\\application/1571821413541"
# webtalk_add_data -client sdk -key hwid -value "1571821317973" -context "sdk\\\\application/1571821413541"
# webtalk_add_data -client sdk -key bspid -value "1571821406325" -context "sdk\\\\application/1571821413541"
# webtalk_add_data -client sdk -key newbsp -value "true" -context "sdk\\\\application/1571821413541"
# webtalk_add_data -client sdk -key os -value "standalone" -context "sdk\\\\application/1571821413541"
# webtalk_add_data -client sdk -key apptemplate -value "hello_world" -context "sdk\\\\application/1571821413541"
# webtalk_add_data -client sdk -key RecordType -value "APPCreation" -context "sdk\\\\application/1571821413541"
# webtalk_add_data -client sdk -key LangUsed -value "C" -context "sdk\\\\application/1571821413541"
# webtalk_add_data -client sdk -key Procused -value "ps7_cortexa9" -context "sdk\\\\application/1571821413541"
# webtalk_add_data -client sdk -key projSize -value "6551.45703125" -context "sdk\\\\application/1571821413541"
# webtalk_add_data -client sdk -key uid -value "1571834531530" -context "sdk\\\\bsp/1571834531530"
# webtalk_add_data -client sdk -key hwid -value "1571821317973" -context "sdk\\\\bsp/1571834531530"
# webtalk_add_data -client sdk -key os -value "standalone" -context "sdk\\\\bsp/1571834531530"
# webtalk_add_data -client sdk -key apptemplate -value "hello_world" -context "sdk\\\\bsp/1571834531530"
# webtalk_add_data -client sdk -key RecordType -value "BSPCreation" -context "sdk\\\\bsp/1571834531530"
# webtalk_add_data -client sdk -key uid -value "1571834534281" -context "sdk\\\\application/1571834534281"
# webtalk_add_data -client sdk -key hwid -value "1571821317973" -context "sdk\\\\application/1571834534281"
# webtalk_add_data -client sdk -key bspid -value "1571834531530" -context "sdk\\\\application/1571834534281"
# webtalk_add_data -client sdk -key newbsp -value "true" -context "sdk\\\\application/1571834534281"
# webtalk_add_data -client sdk -key os -value "standalone" -context "sdk\\\\application/1571834534281"
# webtalk_add_data -client sdk -key apptemplate -value "hello_world" -context "sdk\\\\application/1571834534281"
# webtalk_add_data -client sdk -key RecordType -value "APPCreation" -context "sdk\\\\application/1571834534281"
# webtalk_add_data -client sdk -key LangUsed -value "C" -context "sdk\\\\application/1571834534281"
# webtalk_add_data -client sdk -key Procused -value "ps7_cortexa9" -context "sdk\\\\application/1571834534281"
# webtalk_add_data -client sdk -key uid -value "NA" -context "sdk\\\\bsp/1571917170867"
# webtalk_add_data -client sdk -key RecordType -value "ToolUsage" -context "sdk\\\\bsp/1571917170867"
# webtalk_add_data -client sdk -key BootgenCount -value "0" -context "sdk\\\\bsp/1571917170867"
# webtalk_add_data -client sdk -key DebugCount -value "40" -context "sdk\\\\bsp/1571917170867"
# webtalk_add_data -client sdk -key PerfCount -value "0" -context "sdk\\\\bsp/1571917170867"
# webtalk_add_data -client sdk -key FlashCount -value "0" -context "sdk\\\\bsp/1571917170867"
# webtalk_add_data -client sdk -key CrossTriggCount -value "0" -context "sdk\\\\bsp/1571917170867"
# webtalk_add_data -client sdk -key QemuDebugCount -value "0" -context "sdk\\\\bsp/1571917170867"
# webtalk_transmit -clientid 2153560778 -regid "" -xml H:\\FPGA\\ZYNQ_PSPL\\vdma_lvds_lcd\\vdma_lvds_lcd.sdk\\webtalk\\usage_statistics_ext_sdk.xml -html H:\\FPGA\\ZYNQ_PSPL\\vdma_lvds_lcd\\vdma_lvds_lcd.sdk\\webtalk\\usage_statistics_ext_sdk.html -wdm H:\\FPGA\\ZYNQ_PSPL\\vdma_lvds_lcd\\vdma_lvds_lcd.sdk\\webtalk\\sdk_webtalk.wdm -intro "<H3>SDK Usage Report</H3><BR>"
INFO: [Common 17-186] 'H:\FPGA\ZYNQ_PSPL\vdma_lvds_lcd\vdma_lvds_lcd.sdk\webtalk\usage_statistics_ext_sdk.xml' has been successfully sent to Xilinx on Thu Oct 24 19:39:42 2019. For additional details about this file, please refer to the WebTalk help file at D:/major_soft/soft/xilinx/SDK/2018.2/doc/webtalk_introduction.html.
# webtalk_terminate
INFO: [Common 17-206] Exiting Webtalk at Thu Oct 24 19:39:42 2019...
